#
# There is insufficient memory for the Java Runtime Environment to continue.
# Native memory allocation (mmap) failed to map 134217728 bytes for Failed to commit area from 0x0000000081e00000 to 0x0000000089e00000 of length 134217728.
# Possible reasons:
#   The system is out of physical RAM or swap space
#   The process is running with CompressedOops enabled, and the Java Heap may be blocking the growth of the native heap
# Possible solutions:
#   Reduce memory load on the system
#   Increase physical memory or swap space
#   Check if swap backing store is full
#   Decrease Java heap size (-Xmx/-Xms)
#   Decrease number of Java threads
#   Decrease Java thread stack sizes (-Xss)
#   Set larger code cache with -XX:ReservedCodeCacheSize=
# This output file may be truncated or incomplete.
#
#  Out of Memory Error (t:/workspace/open/src/hotspot/os/windows/os_windows.cpp:3301), pid=17592, tid=15696
#
# JRE version:  (13.0.2+8) (build )
# Java VM: Java HotSpot(TM) 64-Bit Server VM (13.0.2+8, mixed mode, aot, sharing, tiered, compressed oops, g1 gc, windows-amd64)
# No core dump will be written. Minidumps are not enabled by default on client versions of Windows
#

---------------  S U M M A R Y ------------

Command Line: -Dfile.encoding=Cp1252 AddAppointment

Host: Intel(R) Core(TM) i5-4300U CPU @ 1.90GHz, 4 cores, 7G,  Windows 10 , 64 bit Build 18362 (10.0.18362.959)
Time: Fri Aug  7 18:21:15 2020 Maroc (heure d?été) elapsed time: 0 seconds (0d 0h 0m 0s)

---------------  T H R E A D  ---------------

Current thread (0x000001ff48a1f000):  JavaThread "Unknown thread" [_thread_in_vm, id=15696, stack(0x000000961a800000,0x000000961a900000)]

Stack: [0x000000961a800000,0x000000961a900000]
Native frames: (J=compiled Java code, j=interpreted, Vv=VM code, C=native code)
V  [jvm.dll+0x624f9a]
V  [jvm.dll+0x770cfa]
V  [jvm.dll+0x7724af]
V  [jvm.dll+0x772ab3]
V  [jvm.dll+0x24bf08]
V  [jvm.dll+0x6222aa]
V  [jvm.dll+0x6170b5]
V  [jvm.dll+0x30a88c]
V  [jvm.dll+0x30a6c2]
V  [jvm.dll+0x30fe36]
V  [jvm.dll+0x353f46]
V  [jvm.dll+0x353720]
V  [jvm.dll+0x2e550a]
V  [jvm.dll+0x2e67a2]
V  [jvm.dll+0x74dd78]
V  [jvm.dll+0x361989]
V  [jvm.dll+0x730e65]
V  [jvm.dll+0x3cc53f]
V  [jvm.dll+0x3ce861]
C  [jli.dll+0x51ff]
C  [ucrtbase.dll+0x20e82]
C  [KERNEL32.DLL+0x17bd4]
C  [ntdll.dll+0x6ce51]


---------------  P R O C E S S  ---------------

Threads class SMR info:
_java_thread_list=0x00007ffd6f30ccb8, length=0, elements={
}

Java Threads: ( => current thread )

Other Threads:
  0x000001ff48a63000 GCTaskThread "GC Thread#0" [stack: 0x000000961a900000,0x000000961aa00000] [id=16760]
  0x000001ff48a74800 ConcurrentGCThread "G1 Main Marker" [stack: 0x000000961aa00000,0x000000961ab00000] [id=1136]
  0x000001ff48a76000 ConcurrentGCThread "G1 Conc#0" [stack: 0x000000961ab00000,0x000000961ac00000] [id=4844]

[error occurred during error reporting (printing all threads), id 0xc0000005, EXCEPTION_ACCESS_VIOLATION (0xc0000005) at pc=0x00007ffd6eb451d7]

VM state:not at safepoint (not fully initialized)

VM Mutex/Monitor currently owned by a thread:  ([mutex/lock_event])
[0x000001ff48a1acd0] Heap_lock - owner thread: 0x000001ff48a1f000

Heap address: 0x0000000081e00000, size: 2018 MB, Compressed Oops mode: Non-zero based: 0x0000000081e00000
Narrow klass base: 0x0000000000000000, Narrow klass shift: 0

GC Heap History (0 events):
No events

Deoptimization events (0 events):
No events

Classes unloaded (0 events):
No events

Classes redefined (0 events):
No events

Internal exceptions (0 events):
No events

Events (8 events):
Event: 0.013 Loaded shared library C:\Program Files\Java\jdk-13.0.2\bin\zip.dll
Event: 0.013 Loaded shared library C:\Program Files\Java\jdk-13.0.2\bin\jimage.dll
Event: 0.015 Loading shared library C:\Program Files\Java\jdk-13.0.2\lib\libjava.base-coop.dll failed, error code 126
Event: 0.015 Loading shared library C:\Program Files\Java\jdk-13.0.2\lib\libjava.logging-coop.dll failed, error code 126
Event: 0.015 Loading shared library C:\Program Files\Java\jdk-13.0.2\lib\libjdk.compiler-coop.dll failed, error code 126
Event: 0.016 Loading shared library C:\Program Files\Java\jdk-13.0.2\lib\libjdk.scripting.nashorn-coop.dll failed, error code 126
Event: 0.016 Loading shared library C:\Program Files\Java\jdk-13.0.2\lib\libjdk.internal.vm.ci-coop.dll failed, error code 126
Event: 0.016 Loading shared library C:\Program Files\Java\jdk-13.0.2\lib\libjdk.internal.vm.compiler-coop.dll failed, error code 126


Dynamic libraries:
0x00007ff744d70000 - 0x00007ff744d7f000 	C:\Program Files\Java\jdk-13.0.2\bin\javaw.exe
0x00007ffdc5c40000 - 0x00007ffdc5e30000 	C:\WINDOWS\SYSTEM32\ntdll.dll
0x00007ffdc4d50000 - 0x00007ffdc4e02000 	C:\WINDOWS\System32\KERNEL32.DLL
0x00007ffdc31b0000 - 0x00007ffdc3454000 	C:\WINDOWS\System32\KERNELBASE.dll
0x00007ffdc2c40000 - 0x00007ffdc2d3a000 	C:\WINDOWS\System32\ucrtbase.dll
0x00007ffdbdd50000 - 0x00007ffdbdd68000 	C:\Program Files\Java\jdk-13.0.2\bin\jli.dll
0x00007ffdc4ee0000 - 0x00007ffdc4f83000 	C:\WINDOWS\System32\ADVAPI32.dll
0x00007ffdc5550000 - 0x00007ffdc55ee000 	C:\WINDOWS\System32\msvcrt.dll
0x00007ffdbdd30000 - 0x00007ffdbdd45000 	C:\Program Files\Java\jdk-13.0.2\bin\VCRUNTIME140.dll
0x00007ffdc3e40000 - 0x00007ffdc3ed7000 	C:\WINDOWS\System32\sechost.dll
0x00007ffdc5ae0000 - 0x00007ffdc5c00000 	C:\WINDOWS\System32\RPCRT4.dll
0x00007ffdc53b0000 - 0x00007ffdc5544000 	C:\WINDOWS\System32\USER32.dll
0x00007ffdc3bf0000 - 0x00007ffdc3c11000 	C:\WINDOWS\System32\win32u.dll
0x00007ffdc46a0000 - 0x00007ffdc46c6000 	C:\WINDOWS\System32\GDI32.dll
0x00007ffdc3010000 - 0x00007ffdc31a6000 	C:\WINDOWS\System32\gdi32full.dll
0x00007ffdb55b0000 - 0x00007ffdb5834000 	C:\WINDOWS\WinSxS\amd64_microsoft.windows.common-controls_6595b64144ccf1df_6.0.18362.959_none_e6c7bbbf130c62bb\COMCTL32.dll
0x00007ffdc3c20000 - 0x00007ffdc3cbe000 	C:\WINDOWS\System32\msvcp_win.dll
0x00007ffdc4850000 - 0x00007ffdc4b85000 	C:\WINDOWS\System32\combase.dll
0x00007ffdc2ee0000 - 0x00007ffdc2f60000 	C:\WINDOWS\System32\bcryptPrimitives.dll
0x00007ffdb6e90000 - 0x00007ffdb6e9a000 	C:\WINDOWS\SYSTEM32\VERSION.dll
0x00007ffdc4bb0000 - 0x00007ffdc4bde000 	C:\WINDOWS\System32\IMM32.DLL
0x00007ffd8e450000 - 0x00007ffd8e4eb000 	C:\Program Files\Java\jdk-13.0.2\bin\msvcp140.dll
0x00007ffd6e850000 - 0x00007ffd6f3ad000 	C:\Program Files\Java\jdk-13.0.2\bin\server\jvm.dll
0x00007ffdc4be0000 - 0x00007ffdc4be8000 	C:\WINDOWS\System32\PSAPI.DLL
0x00007ffdbddf0000 - 0x00007ffdbddf9000 	C:\WINDOWS\SYSTEM32\WSOCK32.dll
0x00007ffdc4630000 - 0x00007ffdc469f000 	C:\WINDOWS\System32\WS2_32.dll
0x00007ffdbb960000 - 0x00007ffdbb984000 	C:\WINDOWS\SYSTEM32\WINMM.dll
0x00007ffdbb930000 - 0x00007ffdbb95d000 	C:\WINDOWS\SYSTEM32\WINMMBASE.dll
0x00007ffdc3cc0000 - 0x00007ffdc3d0a000 	C:\WINDOWS\System32\cfgmgr32.dll
0x00007ffdc2b80000 - 0x00007ffdc2b91000 	C:\WINDOWS\System32\kernel.appcore.dll
0x00007ffdbcf50000 - 0x00007ffdbcf60000 	C:\Program Files\Java\jdk-13.0.2\bin\verify.dll
0x00007ffdac4d0000 - 0x00007ffdac6c4000 	C:\WINDOWS\SYSTEM32\DBGHELP.DLL
0x00007ffdad720000 - 0x00007ffdad74a000 	C:\WINDOWS\SYSTEM32\dbgcore.DLL
0x00007ffdbb9e0000 - 0x00007ffdbba06000 	C:\Program Files\Java\jdk-13.0.2\bin\java.dll
0x00007ffdb3780000 - 0x00007ffdb3797000 	C:\Program Files\Java\jdk-13.0.2\bin\zip.dll
0x00007ffdae660000 - 0x00007ffdae66a000 	C:\Program Files\Java\jdk-13.0.2\bin\jimage.dll

dbghelp: loaded successfully - version: 4.0.5 - missing functions: none
symbol engine: initialized successfully - sym options: 0x614 - pdb path: .;C:\Program Files\Java\jdk-13.0.2\bin;C:\WINDOWS\SYSTEM32;C:\WINDOWS\WinSxS\amd64_microsoft.windows.common-controls_6595b64144ccf1df_6.0.18362.959_none_e6c7bbbf130c62bb;C:\Program Files\Java\jdk-13.0.2\bin\server

VM Arguments:
jvm_args: -Dfile.encoding=Cp1252 
java_command: AddAppointment
java_class_path (initial): C:\Users\lenovo\Downloads\JAVA\HospitalAppJava\bin;C:\Users\lenovo\Downloads\JAVA\HospitalAppJava;C:\Users\lenovo\Downloads\JAVA\HospitalAppJava\exe.jar;C:\Users\lenovo\Downloads\JAVA\HospitalAppJava\mysql-connector.jar;C:\Users\lenovo\Downloads\JAVA\HospitalAppJava\rs2xml.jar
Launcher Type: SUN_STANDARD

[Global flags]
     intx CICompilerCount                          = 3                                         {product} {ergonomic}
     uint ConcGCThreads                            = 1                                         {product} {ergonomic}
     uint G1ConcRefinementThreads                  = 4                                         {product} {ergonomic}
   size_t G1HeapRegionSize                         = 1048576                                   {product} {ergonomic}
    uintx GCDrainStackTargetSize                   = 64                                        {product} {ergonomic}
   size_t InitialHeapSize                          = 134217728                                 {product} {ergonomic}
   size_t MarkStackSize                            = 4194304                                   {product} {ergonomic}
   size_t MaxHeapSize                              = 2116026368                                {product} {ergonomic}
   size_t MinHeapDeltaBytes                        = 1048576                                   {product} {ergonomic}
   size_t MinHeapSize                              = 8388608                                   {product} {ergonomic}
    uintx NonNMethodCodeHeapSize                   = 5832780                                {pd product} {ergonomic}
    uintx NonProfiledCodeHeapSize                  = 122912730                              {pd product} {ergonomic}
    uintx ProfiledCodeHeapSize                     = 122912730                              {pd product} {ergonomic}
    uintx ReservedCodeCacheSize                    = 251658240                              {pd product} {ergonomic}
     bool SegmentedCodeCache                       = true                                      {product} {ergonomic}
   size_t SoftMaxHeapSize                          = 2116026368                             {manageable} {ergonomic}
     bool UseCompressedClassPointers               = true                                 {lp64_product} {ergonomic}
     bool UseCompressedOops                        = true                                 {lp64_product} {ergonomic}
     bool UseG1GC                                  = true                                      {product} {ergonomic}
     bool UseLargePagesIndividualAllocation        = false                                  {pd product} {ergonomic}

Logging:
Log output configuration:
 #0: stdout all=warning uptime,level,tags
 #1: stderr all=off uptime,level,tags

Environment Variables:
JAVA_HOME=C:\Program Files\Java\jdk-13.0.2
PATH=C:/Program Files/Java/jdk-13.0.2/bin/server;C:/Program Files/Java/jdk-13.0.2/bin;C:\Python38\Scripts\;C:\Python38\;C:\WINDOWS\system32;C:\WINDOWS;C:\WINDOWS\System32\Wbem;C:\WINDOWS\System32\WindowsPowerShell\v1.0\;C:\Program Files\Java\jdk-13.0.2\bin;C:\WINDOWS\System32\OpenSSH\;C:\Program Files (x86)\Brackets\command;C:\Program Files (x86)\GnuWin32\bin;C:\MinGW\bin;C:\Program Files\Java\jdk-13.0.2\bin;C:\Program Files\Git\cmd;C:\ProgramData\chocolatey\bin;C:\Program Files\nodejs\;C:\Users\lenovo\AppData\Local\Programs\Python\Python38\Scripts\;C:\Users\lenovo\AppData\Local\Programs\Python\Python38\;C:\Users\lenovo\AppData\Local\Microsoft\WindowsApps;C:\Users\lenovo\AppData\Roaming\npm;C:\Users\lenovo\AppData\Local\Programs\Microsoft VS Code\bin;C:\Program Files (x86)\GnuWin32;C:\Program Files (x86)\GnuWin32\lib;C:\MinGW\bin;C:\bison\bin;C:\Users\lenovo\AppData\Roaming\Microsoft\Windows\Start Menu\Programs\Python 3.8;;C:\WINDOWS\System32;
USERNAME=Maryem
OS=Windows_NT
PROCESSOR_IDENTIFIER=Intel64 Family 6 Model 69 Stepping 1, GenuineIntel



---------------  S Y S T E M  ---------------

OS: Windows 10 , 64 bit Build 18362 (10.0.18362.959)
HyperV virtualization detected

CPU:total 4 (initial active 4) (2 cores per cpu, 2 threads per core) family 6 model 69 stepping 1, cmov, cx8, fxsr, mmx, sse, sse2, sse3, ssse3, sse4.1, sse4.2, popcnt, avx, avx2, aes, clmul, erms, lzcnt, ht, tsc, tscinvbit, bmi1, bmi2, fma

Memory: 4k page, system-wide physical 8071M (648M free)
TotalPageFile size 20482M (AvailPageFile size 116M)
current process WorkingSet (physical memory assigned to process): 10M, peak: 10M
current process commit charge ("private bytes"): 52M, peak: 179M

vm_info: Java HotSpot(TM) 64-Bit Server VM (13.0.2+8) for windows-amd64 JRE (13.0.2+8), built on Dec 11 2019 09:20:33 by "mach5one" with unknown MS VC++:1916

END.
